<?xml version="1.0"?>
<testsuite name="Chrome Headless 88.0.4324.104 (Windows 10)" package="" timestamp="2021-01-29T18:58:20" id="0" hostname="Omoikane" tests="31" errors="0" failures="0" time="0.517">
  <properties>
    <property name="browser.fullName" value="Mozilla/5.0 (Windows NT 10.0; Win64; x64) AppleWebKit/537.36 (KHTML, like Gecko) HeadlessChrome/88.0.4324.104 Safari/537.36"/>
  </properties>
  <testcase name="EditEquipmentRequestComponent should create" time="0.102" classname="Chrome_Headless_88_0_4324_104_(Windows_10).EditEquipmentRequestComponent"/>
  <testcase name="EquipmentRequestDetailsComponent should create" time="0.03" classname="Chrome_Headless_88_0_4324_104_(Windows_10).EquipmentRequestDetailsComponent"/>
  <testcase name="EquipmentComponent should create" time="0.025" classname="Chrome_Headless_88_0_4324_104_(Windows_10).EquipmentComponent"/>
  <testcase name="HomeComponent should create" time="0.026" classname="Chrome_Headless_88_0_4324_104_(Windows_10).HomeComponent"/>
  <testcase name="PlayersComponent should be created" time="0.023" classname="Chrome_Headless_88_0_4324_104_(Windows_10).PlayersComponent"/>
  <testcase name="MessageService should be created" time="0.003" classname="Chrome_Headless_88_0_4324_104_(Windows_10).MessageService"/>
  <testcase name="DrawComponent should create" time="0.032" classname="Chrome_Headless_88_0_4324_104_(Windows_10).DrawComponent"/>
  <testcase name="CreatePlayerComponent should have an h3 tag" time="0.024" classname="Chrome_Headless_88_0_4324_104_(Windows_10).CreatePlayerComponent"/>
  <testcase name="CreatePlayerComponent should have form submit button" time="0.006" classname="Chrome_Headless_88_0_4324_104_(Windows_10).CreatePlayerComponent"/>
  <testcase name="CreatePlayerComponent should create" time="0.006" classname="Chrome_Headless_88_0_4324_104_(Windows_10).CreatePlayerComponent"/>
  <testcase name="CreatePlayerComponent should navigate to create player" time="0.007" classname="Chrome_Headless_88_0_4324_104_(Windows_10).CreatePlayerComponent"/>
  <testcase name="CreatePlayerComponent should have form inputs" time="0.005" classname="Chrome_Headless_88_0_4324_104_(Windows_10).CreatePlayerComponent"/>
  <testcase name="AppComponent should create the app" time="0.008" classname="Chrome_Headless_88_0_4324_104_(Windows_10).AppComponent"/>
  <testcase name="RolesComponent should create" time="0.008" classname="Chrome_Headless_88_0_4324_104_(Windows_10).RolesComponent"/>
  <testcase name="EditplayerComponent should create" time="0.023" classname="Chrome_Headless_88_0_4324_104_(Windows_10).EditplayerComponent"/>
  <testcase name="TeamsComponent should create" time="0.012" classname="Chrome_Headless_88_0_4324_104_(Windows_10).TeamsComponent"/>
  <testcase name="PlayerdetailsComponent should create" time="0.027" classname="Chrome_Headless_88_0_4324_104_(Windows_10).PlayerdetailsComponent"/>
  <testcase name="PlayerdetailsComponent should navigate to player details" time="0.008" classname="Chrome_Headless_88_0_4324_104_(Windows_10).PlayerdetailsComponent"/>
  <testcase name="CreateEquipmentRequestComponent should create" time="0.019" classname="Chrome_Headless_88_0_4324_104_(Windows_10).CreateEquipmentRequestComponent"/>
  <testcase name="PlaysComponent should create" time="0.016" classname="Chrome_Headless_88_0_4324_104_(Windows_10).PlaysComponent"/>
  <testcase name="MessagesComponent should create" time="0.013" classname="Chrome_Headless_88_0_4324_104_(Windows_10).MessagesComponent"/>
  <testcase name="NavComponent should show unordered list items" time="0.027" classname="Chrome_Headless_88_0_4324_104_(Windows_10).NavComponent"/>
  <testcase name="NavComponent should show unordered list items" time="0.012" classname="Chrome_Headless_88_0_4324_104_(Windows_10).NavComponent"/>
  <testcase name="NavComponent should call logout" time="0.014" classname="Chrome_Headless_88_0_4324_104_(Windows_10).NavComponent"/>
  <testcase name="NavComponent should create" time="0.012" classname="Chrome_Headless_88_0_4324_104_(Windows_10).NavComponent"/>
  <testcase name="NavComponent should submit username and password to login" time="0.013" classname="Chrome_Headless_88_0_4324_104_(Windows_10).NavComponent"/>
  <testcase name="NavComponent should navigate to home page" time="0.01" classname="Chrome_Headless_88_0_4324_104_(Windows_10).NavComponent"/>
  <testcase name="AccountService should be created" time="0.002" classname="Chrome_Headless_88_0_4324_104_(Windows_10).AccountService"/>
  <testcase name="EquipmentService should be created" time="0.001" classname="Chrome_Headless_88_0_4324_104_(Windows_10).EquipmentService"/>
  <testcase name="DrawService should be created" time="0.002" classname="Chrome_Headless_88_0_4324_104_(Windows_10).DrawService"/>
  <testcase name="UserServiceService should get list of users" time="0.001" classname="Chrome_Headless_88_0_4324_104_(Windows_10).UserServiceService"/>
  <system-out>
    <![CDATA[Chrome Headless 88.0.4324.104 (Windows 10) ERROR: 'NG0304: 'app-home' is not a known element:
1. If 'app-home' is an Angular component, then verify that it is part of this module.
2. If 'app-home' is a Web Component then add 'CUSTOM_ELEMENTS_SCHEMA' to the '@NgModule.schemas' of this component to suppress this message.'
,Chrome Headless 88.0.4324.104 (Windows 10) ERROR: 'NG0304: 'app-home' is not a known element:
1. If 'app-home' is an Angular component, then verify that it is part of this module.
2. If 'app-home' is a Web Component then add 'CUSTOM_ELEMENTS_SCHEMA' to the '@NgModule.schemas' of this component to suppress this message.'
,Chrome Headless 88.0.4324.104 (Windows 10) WARN: 'Spec 'CreatePlayerComponent should have an h3 tag' has no expectations.'
,Chrome Headless 88.0.4324.104 (Windows 10) ERROR: 'NG0304: 'app-home' is not a known element:
1. If 'app-home' is an Angular component, then verify that it is part of this module.
2. If 'app-home' is a Web Component then add 'CUSTOM_ELEMENTS_SCHEMA' to the '@NgModule.schemas' of this component to suppress this message.'
,Chrome Headless 88.0.4324.104 (Windows 10) WARN: 'Spec 'CreatePlayerComponent should have form submit button' has no expectations.'
,Chrome Headless 88.0.4324.104 (Windows 10) ERROR: 'NG0304: 'app-home' is not a known element:
1. If 'app-home' is an Angular component, then verify that it is part of this module.
2. If 'app-home' is a Web Component then add 'CUSTOM_ELEMENTS_SCHEMA' to the '@NgModule.schemas' of this component to suppress this message.'
,Chrome Headless 88.0.4324.104 (Windows 10) ERROR: 'NG0304: 'app-home' is not a known element:
1. If 'app-home' is an Angular component, then verify that it is part of this module.
2. If 'app-home' is a Web Component then add 'CUSTOM_ELEMENTS_SCHEMA' to the '@NgModule.schemas' of this component to suppress this message.'
,Chrome Headless 88.0.4324.104 (Windows 10) ERROR: 'NG0304: 'app-home' is not a known element:
1. If 'app-home' is an Angular component, then verify that it is part of this module.
2. If 'app-home' is a Web Component then add 'CUSTOM_ELEMENTS_SCHEMA' to the '@NgModule.schemas' of this component to suppress this message.'
,Chrome Headless 88.0.4324.104 (Windows 10) WARN: 'Spec 'CreatePlayerComponent should have form inputs' has no expectations.'
,Chrome Headless 88.0.4324.104 (Windows 10) ERROR: 'NG0304: 'app-nav' is not a known element:
1. If 'app-nav' is an Angular component, then verify that it is part of this module.
2. If 'app-nav' is a Web Component then add 'CUSTOM_ELEMENTS_SCHEMA' to the '@NgModule.schemas' of this component to suppress this message.'
,Chrome Headless 88.0.4324.104 (Windows 10) ERROR: 'NG0304: 'app-home' is not a known element:
1. If 'app-home' is an Angular component, then verify that it is part of this module.
2. If 'app-home' is a Web Component then add 'CUSTOM_ELEMENTS_SCHEMA' to the '@NgModule.schemas' of this component to suppress this message.'
,Chrome Headless 88.0.4324.104 (Windows 10) ERROR: 'NG0304: 'app-home' is not a known element:
1. If 'app-home' is an Angular component, then verify that it is part of this module.
2. If 'app-home' is a Web Component then add 'CUSTOM_ELEMENTS_SCHEMA' to the '@NgModule.schemas' of this component to suppress this message.'
,Chrome Headless 88.0.4324.104 (Windows 10) ERROR: 'NG0304: 'app-home' is not a known element:
1. If 'app-home' is an Angular component, then verify that it is part of this module.
2. If 'app-home' is a Web Component then add 'CUSTOM_ELEMENTS_SCHEMA' to the '@NgModule.schemas' of this component to suppress this message.'
,Chrome Headless 88.0.4324.104 (Windows 10) WARN: 'Spec 'PlayerdetailsComponent should navigate to player details' has no expectations.'

]]>
  </system-out>
  <system-err/>
</testsuite>